[INFO] 2019-01-19 11:32:24,873 myLogger main - start
[INFO] 2019-01-19 12:13:17,722 myLogger main - alignedSample start
[INFO] 2019-01-19 12:13:21,857 myLogger getInputDataTable - inputFilePath: F:\雅拓\算法平台\gitlab\lambda-mls\lambda-component\src\main\testDataSet\yatop_train
[INFO] 2019-01-19 12:56:52,849 myLogger main - LayerSample start
[INFO] 2019-01-19 12:56:56,485 myLogger getInputDataTable - inputFilePath: F:\雅拓\算法平台\gitlab\lambda-mls\lambda-component\src\main\testDataSet\yatop_train
[INFO] 2019-01-19 12:57:48,848 myLogger setOutputDataTable - outputPath: F:\雅拓\算法平台\gitlab\lambda-mls\lambda-component\src\main\testDataSet\yatop_train22
[INFO] 2019-01-19 12:57:49,660 myLogger setOutputDataTable - summaryFilePath: F:\雅拓\算法平台\gitlab\lambda-mls\lambda-component\src\main\testDataSet\summary
[INFO] 2019-01-19 12:57:49,662 myLogger main - LayerSample end
[INFO] 2019-01-19 13:18:18,769 myLogger main - LayerSample start
[INFO] 2019-01-19 13:18:23,168 myLogger getInputDataTable - inputFilePath: F:\雅拓\算法平台\gitlab\lambda-mls\lambda-component\src\main\testDataSet\yatop_train
[INFO] 2019-01-19 13:19:21,100 myLogger setOutputDataTable - outputPath: F:\雅拓\算法平台\gitlab\lambda-mls\lambda-component\src\main\testDataSet\yatop_train22
[INFO] 2019-01-19 13:19:21,884 myLogger setOutputDataTable - summaryFilePath: F:\雅拓\算法平台\gitlab\lambda-mls\lambda-component\src\main\testDataSet\summary
[INFO] 2019-01-19 13:19:21,886 myLogger main - LayerSample end
[INFO] 2019-01-19 13:26:13,298 myLogger main - LayerSample start
[INFO] 2019-01-19 13:26:17,079 myLogger getInputDataTable - inputFilePath: F:\雅拓\算法平台\gitlab\lambda-mls\lambda-component\src\main\testDataSet\yatop_train
[INFO] 2019-01-19 13:28:46,856 myLogger setOutputDataTable - outputPath: F:\雅拓\算法平台\gitlab\lambda-mls\lambda-component\src\main\testDataSet\yatop_train22
[INFO] 2019-01-19 13:28:47,999 myLogger setOutputDataTable - summaryFilePath: F:\雅拓\算法平台\gitlab\lambda-mls\lambda-component\src\main\testDataSet\summary
[INFO] 2019-01-19 13:28:48,035 myLogger main - LayerSample end
[INFO] 2019-01-19 13:29:50,329 myLogger main - alignedSample start
[INFO] 2019-01-19 13:29:54,066 myLogger getInputDataTable - inputFilePath: F:\雅拓\算法平台\gitlab\lambda-mls\lambda-component\src\main\testDataSet\yatop_train
[INFO] 2019-01-19 13:30:45,018 myLogger setOutputDataTable - outputPath: F:\雅拓\算法平台\gitlab\lambda-mls\lambda-component\src\main\testDataSet\yatop_train22
[INFO] 2019-01-19 13:30:45,675 myLogger setOutputDataTable - summaryFilePath: F:\雅拓\算法平台\gitlab\lambda-mls\lambda-component\src\main\testDataSet\summary
[INFO] 2019-01-19 13:30:45,676 myLogger main - alignedSample end
[INFO] 2019-01-19 13:56:21,780 myLogger main - SQL start
[INFO] 2019-01-19 13:56:25,281 myLogger getInputDataTable - inputFilePath: F:\雅拓\算法平台\gitlab\lambda-mls\lambda-component\src\main\testDataSet\yatop_train
[INFO] 2019-01-19 13:56:27,935 myLogger getInputDataTable - inputFilePath: None
[INFO] 2019-01-19 13:58:32,507 myLogger main - SQL start
[INFO] 2019-01-19 13:58:36,215 myLogger getInputDataTable - inputFilePath: F:\雅拓\算法平台\gitlab\lambda-mls\lambda-component\src\main\testDataSet\yatop_train
[INFO] 2019-01-19 13:58:38,851 myLogger getInputDataTable - inputFilePath: None
[INFO] 2019-01-19 14:01:16,017 myLogger main - SQL start
[INFO] 2019-01-19 14:01:19,672 myLogger getInputDataTable - inputFilePath: F:\雅拓\算法平台\gitlab\lambda-mls\lambda-component\src\main\testDataSet\yatop_train
[INFO] 2019-01-19 14:01:22,256 myLogger getInputDataTable - inputFilePath: None
[INFO] 2019-01-19 14:07:32,554 myLogger main - SQL start
[INFO] 2019-01-19 14:11:25,446 myLogger main - SQL start
[INFO] 2019-01-19 14:11:29,320 myLogger getInputDataTable - inputFilePath: F:\雅拓\算法平台\gitlab\lambda-mls\lambda-component\src\main\testDataSet\yatop_train
[INFO] 2019-01-19 14:14:22,515 myLogger setOutputDataTable - outputPath: F:\雅拓\算法平台\gitlab\lambda-mls\lambda-component\src\main\testDataSet\yatop_train22
[INFO] 2019-01-19 14:14:24,158 myLogger setOutputDataTable - summaryFilePath: F:\雅拓\算法平台\gitlab\lambda-mls\lambda-component\src\main\testDataSet\summary
[INFO] 2019-01-19 14:14:24,160 myLogger main - SQL end
